[2025-01-08 15:06:00] local.ERROR: Target class [files] does not exist. {"exception":"[object] (Illuminate\\Contracts\\Container\\BindingResolutionException(code: 0): Target class [files] does not exist. at C:\\Users\\hp\\Desktop\\laravel-project\\Project-Laravel-React\\backend\\vendor\\laravel\\framework\\src\\Illuminate\\Container\\Container.php:946)
[stacktrace]
#0 C:\\Users\\hp\\Desktop\\laravel-project\\Project-Laravel-React\\backend\\vendor\\laravel\\framework\\src\\Illuminate\\Container\\Container.php(819): Illuminate\\Container\\Container->build('files')
#1 C:\\Users\\hp\\Desktop\\laravel-project\\Project-Laravel-React\\backend\\vendor\\laravel\\framework\\src\\Illuminate\\Foundation\\Application.php(1048): Illuminate\\Container\\Container->resolve('files', Array, true)
#2 C:\\Users\\hp\\Desktop\\laravel-project\\Project-Laravel-React\\backend\\vendor\\laravel\\framework\\src\\Illuminate\\Container\\Container.php(755): Illuminate\\Foundation\\Application->resolve('files', Array)
#3 C:\\Users\\hp\\Desktop\\laravel-project\\Project-Laravel-React\\backend\\vendor\\laravel\\framework\\src\\Illuminate\\Foundation\\Application.php(1030): Illuminate\\Container\\Container->make('files', Array)
#4 C:\\Users\\hp\\Desktop\\laravel-project\\Project-Laravel-React\\backend\\vendor\\laravel\\framework\\src\\Illuminate\\Container\\Container.php(1565): Illuminate\\Foundation\\Application->make('files')
#5 C:\\Users\\hp\\Desktop\\laravel-project\\Project-Laravel-React\\backend\\vendor\\laravel\\framework\\src\\Illuminate\\Foundation\\Application.php(1295): Illuminate\\Container\\Container->offsetGet('files')
#6 C:\\Users\\hp\\Desktop\\laravel-project\\Project-Laravel-React\\backend\\vendor\\laravel\\sanctum\\src\\SanctumServiceProvider.php(68): Illuminate\\Foundation\\Application->routesAreCached()
#7 C:\\Users\\hp\\Desktop\\laravel-project\\Project-Laravel-React\\backend\\vendor\\laravel\\sanctum\\src\\SanctumServiceProvider.php(56): Laravel\\Sanctum\\SanctumServiceProvider->defineRoutes()
#8 C:\\Users\\hp\\Desktop\\laravel-project\\Project-Laravel-React\\backend\\vendor\\laravel\\framework\\src\\Illuminate\\Container\\BoundMethod.php(36): Laravel\\Sanctum\\SanctumServiceProvider->boot()
#9 C:\\Users\\hp\\Desktop\\laravel-project\\Project-Laravel-React\\backend\\vendor\\laravel\\framework\\src\\Illuminate\\Container\\Util.php(43): Illuminate\\Container\\BoundMethod::Illuminate\\Container\\{closure}()
#10 C:\\Users\\hp\\Desktop\\laravel-project\\Project-Laravel-React\\backend\\vendor\\laravel\\framework\\src\\Illuminate\\Container\\BoundMethod.php(95): Illuminate\\Container\\Util::unwrapIfClosure(Object(Closure))
#11 C:\\Users\\hp\\Desktop\\laravel-project\\Project-Laravel-React\\backend\\vendor\\laravel\\framework\\src\\Illuminate\\Container\\BoundMethod.php(35): Illuminate\\Container\\BoundMethod::callBoundMethod(Object(Illuminate\\Foundation\\Application), Array, Object(Closure))
#12 C:\\Users\\hp\\Desktop\\laravel-project\\Project-Laravel-React\\backend\\vendor\\laravel\\framework\\src\\Illuminate\\Container\\Container.php(694): Illuminate\\Container\\BoundMethod::call(Object(Illuminate\\Foundation\\Application), Array, Array, NULL)
#13 C:\\Users\\hp\\Desktop\\laravel-project\\Project-Laravel-React\\backend\\vendor\\laravel\\framework\\src\\Illuminate\\Foundation\\Application.php(1121): Illuminate\\Container\\Container->call(Array)
#14 C:\\Users\\hp\\Desktop\\laravel-project\\Project-Laravel-React\\backend\\vendor\\laravel\\framework\\src\\Illuminate\\Foundation\\Application.php(1102): Illuminate\\Foundation\\Application->bootProvider(Object(Laravel\\Sanctum\\SanctumServiceProvider))
#15 [internal function]: Illuminate\\Foundation\\Application->Illuminate\\Foundation\\{closure}(Object(Laravel\\Sanctum\\SanctumServiceProvider), 'Laravel\\\\Sanctum...')
#16 C:\\Users\\hp\\Desktop\\laravel-project\\Project-Laravel-React\\backend\\vendor\\laravel\\framework\\src\\Illuminate\\Foundation\\Application.php(1101): array_walk(Array, Object(Closure))
#17 C:\\Users\\hp\\Desktop\\laravel-project\\Project-Laravel-React\\backend\\vendor\\laravel\\framework\\src\\Illuminate\\Foundation\\Bootstrap\\BootProviders.php(17): Illuminate\\Foundation\\Application->boot()
#18 C:\\Users\\hp\\Desktop\\laravel-project\\Project-Laravel-React\\backend\\vendor\\laravel\\framework\\src\\Illuminate\\Foundation\\Application.php(316): Illuminate\\Foundation\\Bootstrap\\BootProviders->bootstrap(Object(Illuminate\\Foundation\\Application))
#19 C:\\Users\\hp\\Desktop\\laravel-project\\Project-Laravel-React\\backend\\vendor\\laravel\\framework\\src\\Illuminate\\Foundation\\Console\\Kernel.php(474): Illuminate\\Foundation\\Application->bootstrapWith(Array)
#20 C:\\Users\\hp\\Desktop\\laravel-project\\Project-Laravel-React\\backend\\vendor\\laravel\\framework\\src\\Illuminate\\Foundation\\Console\\Kernel.php(196): Illuminate\\Foundation\\Console\\Kernel->bootstrap()
#21 C:\\Users\\hp\\Desktop\\laravel-project\\Project-Laravel-React\\backend\\vendor\\laravel\\framework\\src\\Illuminate\\Foundation\\Application.php(1205): Illuminate\\Foundation\\Console\\Kernel->handle(Object(Symfony\\Component\\Console\\Input\\ArgvInput), Object(Symfony\\Component\\Console\\Output\\ConsoleOutput))
#22 C:\\Users\\hp\\Desktop\\laravel-project\\Project-Laravel-React\\backend\\artisan(13): Illuminate\\Foundation\\Application->handleCommand(Object(Symfony\\Component\\Console\\Input\\ArgvInput))
#23 {main}

[previous exception] [object] (ReflectionException(code: -1): Class \"files\" does not exist at C:\\Users\\hp\\Desktop\\laravel-project\\Project-Laravel-React\\backend\\vendor\\laravel\\framework\\src\\Illuminate\\Container\\Container.php:944)
[stacktrace]
#0 C:\\Users\\hp\\Desktop\\laravel-project\\Project-Laravel-React\\backend\\vendor\\laravel\\framework\\src\\Illuminate\\Container\\Container.php(944): ReflectionClass->__construct('files')
#1 C:\\Users\\hp\\Desktop\\laravel-project\\Project-Laravel-React\\backend\\vendor\\laravel\\framework\\src\\Illuminate\\Container\\Container.php(819): Illuminate\\Container\\Container->build('files')
#2 C:\\Users\\hp\\Desktop\\laravel-project\\Project-Laravel-React\\backend\\vendor\\laravel\\framework\\src\\Illuminate\\Foundation\\Application.php(1048): Illuminate\\Container\\Container->resolve('files', Array, true)
#3 C:\\Users\\hp\\Desktop\\laravel-project\\Project-Laravel-React\\backend\\vendor\\laravel\\framework\\src\\Illuminate\\Container\\Container.php(755): Illuminate\\Foundation\\Application->resolve('files', Array)
#4 C:\\Users\\hp\\Desktop\\laravel-project\\Project-Laravel-React\\backend\\vendor\\laravel\\framework\\src\\Illuminate\\Foundation\\Application.php(1030): Illuminate\\Container\\Container->make('files', Array)
#5 C:\\Users\\hp\\Desktop\\laravel-project\\Project-Laravel-React\\backend\\vendor\\laravel\\framework\\src\\Illuminate\\Container\\Container.php(1565): Illuminate\\Foundation\\Application->make('files')
#6 C:\\Users\\hp\\Desktop\\laravel-project\\Project-Laravel-React\\backend\\vendor\\laravel\\framework\\src\\Illuminate\\Foundation\\Application.php(1295): Illuminate\\Container\\Container->offsetGet('files')
#7 C:\\Users\\hp\\Desktop\\laravel-project\\Project-Laravel-React\\backend\\vendor\\laravel\\sanctum\\src\\SanctumServiceProvider.php(68): Illuminate\\Foundation\\Application->routesAreCached()
#8 C:\\Users\\hp\\Desktop\\laravel-project\\Project-Laravel-React\\backend\\vendor\\laravel\\sanctum\\src\\SanctumServiceProvider.php(56): Laravel\\Sanctum\\SanctumServiceProvider->defineRoutes()
#9 C:\\Users\\hp\\Desktop\\laravel-project\\Project-Laravel-React\\backend\\vendor\\laravel\\framework\\src\\Illuminate\\Container\\BoundMethod.php(36): Laravel\\Sanctum\\SanctumServiceProvider->boot()
#10 C:\\Users\\hp\\Desktop\\laravel-project\\Project-Laravel-React\\backend\\vendor\\laravel\\framework\\src\\Illuminate\\Container\\Util.php(43): Illuminate\\Container\\BoundMethod::Illuminate\\Container\\{closure}()
#11 C:\\Users\\hp\\Desktop\\laravel-project\\Project-Laravel-React\\backend\\vendor\\laravel\\framework\\src\\Illuminate\\Container\\BoundMethod.php(95): Illuminate\\Container\\Util::unwrapIfClosure(Object(Closure))
#12 C:\\Users\\hp\\Desktop\\laravel-project\\Project-Laravel-React\\backend\\vendor\\laravel\\framework\\src\\Illuminate\\Container\\BoundMethod.php(35): Illuminate\\Container\\BoundMethod::callBoundMethod(Object(Illuminate\\Foundation\\Application), Array, Object(Closure))
#13 C:\\Users\\hp\\Desktop\\laravel-project\\Project-Laravel-React\\backend\\vendor\\laravel\\framework\\src\\Illuminate\\Container\\Container.php(694): Illuminate\\Container\\BoundMethod::call(Object(Illuminate\\Foundation\\Application), Array, Array, NULL)
#14 C:\\Users\\hp\\Desktop\\laravel-project\\Project-Laravel-React\\backend\\vendor\\laravel\\framework\\src\\Illuminate\\Foundation\\Application.php(1121): Illuminate\\Container\\Container->call(Array)
#15 C:\\Users\\hp\\Desktop\\laravel-project\\Project-Laravel-React\\backend\\vendor\\laravel\\framework\\src\\Illuminate\\Foundation\\Application.php(1102): Illuminate\\Foundation\\Application->bootProvider(Object(Laravel\\Sanctum\\SanctumServiceProvider))
#16 [internal function]: Illuminate\\Foundation\\Application->Illuminate\\Foundation\\{closure}(Object(Laravel\\Sanctum\\SanctumServiceProvider), 'Laravel\\\\Sanctum...')
#17 C:\\Users\\hp\\Desktop\\laravel-project\\Project-Laravel-React\\backend\\vendor\\laravel\\framework\\src\\Illuminate\\Foundation\\Application.php(1101): array_walk(Array, Object(Closure))
#18 C:\\Users\\hp\\Desktop\\laravel-project\\Project-Laravel-React\\backend\\vendor\\laravel\\framework\\src\\Illuminate\\Foundation\\Bootstrap\\BootProviders.php(17): Illuminate\\Foundation\\Application->boot()
#19 C:\\Users\\hp\\Desktop\\laravel-project\\Project-Laravel-React\\backend\\vendor\\laravel\\framework\\src\\Illuminate\\Foundation\\Application.php(316): Illuminate\\Foundation\\Bootstrap\\BootProviders->bootstrap(Object(Illuminate\\Foundation\\Application))
#20 C:\\Users\\hp\\Desktop\\laravel-project\\Project-Laravel-React\\backend\\vendor\\laravel\\framework\\src\\Illuminate\\Foundation\\Console\\Kernel.php(474): Illuminate\\Foundation\\Application->bootstrapWith(Array)
#21 C:\\Users\\hp\\Desktop\\laravel-project\\Project-Laravel-React\\backend\\vendor\\laravel\\framework\\src\\Illuminate\\Foundation\\Console\\Kernel.php(196): Illuminate\\Foundation\\Console\\Kernel->bootstrap()
#22 C:\\Users\\hp\\Desktop\\laravel-project\\Project-Laravel-React\\backend\\vendor\\laravel\\framework\\src\\Illuminate\\Foundation\\Application.php(1205): Illuminate\\Foundation\\Console\\Kernel->handle(Object(Symfony\\Component\\Console\\Input\\ArgvInput), Object(Symfony\\Component\\Console\\Output\\ConsoleOutput))
#23 C:\\Users\\hp\\Desktop\\laravel-project\\Project-Laravel-React\\backend\\artisan(13): Illuminate\\Foundation\\Application->handleCommand(Object(Symfony\\Component\\Console\\Input\\ArgvInput))
#24 {main}
"} 
[2025-01-08 15:06:28] local.ERROR: Target class [files] does not exist. {"exception":"[object] (Illuminate\\Contracts\\Container\\BindingResolutionException(code: 0): Target class [files] does not exist. at C:\\Users\\hp\\Desktop\\laravel-project\\Project-Laravel-React\\backend\\vendor\\laravel\\framework\\src\\Illuminate\\Container\\Container.php:946)
[stacktrace]
#0 C:\\Users\\hp\\Desktop\\laravel-project\\Project-Laravel-React\\backend\\vendor\\laravel\\framework\\src\\Illuminate\\Container\\Container.php(819): Illuminate\\Container\\Container->build('files')
#1 C:\\Users\\hp\\Desktop\\laravel-project\\Project-Laravel-React\\backend\\vendor\\laravel\\framework\\src\\Illuminate\\Foundation\\Application.php(1048): Illuminate\\Container\\Container->resolve('files', Array, true)
#2 C:\\Users\\hp\\Desktop\\laravel-project\\Project-Laravel-React\\backend\\vendor\\laravel\\framework\\src\\Illuminate\\Container\\Container.php(755): Illuminate\\Foundation\\Application->resolve('files', Array)
#3 C:\\Users\\hp\\Desktop\\laravel-project\\Project-Laravel-React\\backend\\vendor\\laravel\\framework\\src\\Illuminate\\Foundation\\Application.php(1030): Illuminate\\Container\\Container->make('files', Array)
#4 C:\\Users\\hp\\Desktop\\laravel-project\\Project-Laravel-React\\backend\\vendor\\laravel\\framework\\src\\Illuminate\\Container\\Container.php(1565): Illuminate\\Foundation\\Application->make('files')
#5 C:\\Users\\hp\\Desktop\\laravel-project\\Project-Laravel-React\\backend\\vendor\\laravel\\framework\\src\\Illuminate\\Foundation\\Application.php(1295): Illuminate\\Container\\Container->offsetGet('files')
#6 C:\\Users\\hp\\Desktop\\laravel-project\\Project-Laravel-React\\backend\\vendor\\laravel\\sanctum\\src\\SanctumServiceProvider.php(68): Illuminate\\Foundation\\Application->routesAreCached()
#7 C:\\Users\\hp\\Desktop\\laravel-project\\Project-Laravel-React\\backend\\vendor\\laravel\\sanctum\\src\\SanctumServiceProvider.php(56): Laravel\\Sanctum\\SanctumServiceProvider->defineRoutes()
#8 C:\\Users\\hp\\Desktop\\laravel-project\\Project-Laravel-React\\backend\\vendor\\laravel\\framework\\src\\Illuminate\\Container\\BoundMethod.php(36): Laravel\\Sanctum\\SanctumServiceProvider->boot()
#9 C:\\Users\\hp\\Desktop\\laravel-project\\Project-Laravel-React\\backend\\vendor\\laravel\\framework\\src\\Illuminate\\Container\\Util.php(43): Illuminate\\Container\\BoundMethod::Illuminate\\Container\\{closure}()
#10 C:\\Users\\hp\\Desktop\\laravel-project\\Project-Laravel-React\\backend\\vendor\\laravel\\framework\\src\\Illuminate\\Container\\BoundMethod.php(95): Illuminate\\Container\\Util::unwrapIfClosure(Object(Closure))
#11 C:\\Users\\hp\\Desktop\\laravel-project\\Project-Laravel-React\\backend\\vendor\\laravel\\framework\\src\\Illuminate\\Container\\BoundMethod.php(35): Illuminate\\Container\\BoundMethod::callBoundMethod(Object(Illuminate\\Foundation\\Application), Array, Object(Closure))
#12 C:\\Users\\hp\\Desktop\\laravel-project\\Project-Laravel-React\\backend\\vendor\\laravel\\framework\\src\\Illuminate\\Container\\Container.php(694): Illuminate\\Container\\BoundMethod::call(Object(Illuminate\\Foundation\\Application), Array, Array, NULL)
#13 C:\\Users\\hp\\Desktop\\laravel-project\\Project-Laravel-React\\backend\\vendor\\laravel\\framework\\src\\Illuminate\\Foundation\\Application.php(1121): Illuminate\\Container\\Container->call(Array)
#14 C:\\Users\\hp\\Desktop\\laravel-project\\Project-Laravel-React\\backend\\vendor\\laravel\\framework\\src\\Illuminate\\Foundation\\Application.php(1102): Illuminate\\Foundation\\Application->bootProvider(Object(Laravel\\Sanctum\\SanctumServiceProvider))
#15 [internal function]: Illuminate\\Foundation\\Application->Illuminate\\Foundation\\{closure}(Object(Laravel\\Sanctum\\SanctumServiceProvider), 'Laravel\\\\Sanctum...')
#16 C:\\Users\\hp\\Desktop\\laravel-project\\Project-Laravel-React\\backend\\vendor\\laravel\\framework\\src\\Illuminate\\Foundation\\Application.php(1101): array_walk(Array, Object(Closure))
#17 C:\\Users\\hp\\Desktop\\laravel-project\\Project-Laravel-React\\backend\\vendor\\laravel\\framework\\src\\Illuminate\\Foundation\\Bootstrap\\BootProviders.php(17): Illuminate\\Foundation\\Application->boot()
#18 C:\\Users\\hp\\Desktop\\laravel-project\\Project-Laravel-React\\backend\\vendor\\laravel\\framework\\src\\Illuminate\\Foundation\\Application.php(316): Illuminate\\Foundation\\Bootstrap\\BootProviders->bootstrap(Object(Illuminate\\Foundation\\Application))
#19 C:\\Users\\hp\\Desktop\\laravel-project\\Project-Laravel-React\\backend\\vendor\\laravel\\framework\\src\\Illuminate\\Foundation\\Console\\Kernel.php(474): Illuminate\\Foundation\\Application->bootstrapWith(Array)
#20 C:\\Users\\hp\\Desktop\\laravel-project\\Project-Laravel-React\\backend\\vendor\\laravel\\framework\\src\\Illuminate\\Foundation\\Console\\Kernel.php(196): Illuminate\\Foundation\\Console\\Kernel->bootstrap()
#21 C:\\Users\\hp\\Desktop\\laravel-project\\Project-Laravel-React\\backend\\vendor\\laravel\\framework\\src\\Illuminate\\Foundation\\Application.php(1205): Illuminate\\Foundation\\Console\\Kernel->handle(Object(Symfony\\Component\\Console\\Input\\ArgvInput), Object(Symfony\\Component\\Console\\Output\\ConsoleOutput))
#22 C:\\Users\\hp\\Desktop\\laravel-project\\Project-Laravel-React\\backend\\artisan(13): Illuminate\\Foundation\\Application->handleCommand(Object(Symfony\\Component\\Console\\Input\\ArgvInput))
#23 {main}

[previous exception] [object] (ReflectionException(code: -1): Class \"files\" does not exist at C:\\Users\\hp\\Desktop\\laravel-project\\Project-Laravel-React\\backend\\vendor\\laravel\\framework\\src\\Illuminate\\Container\\Container.php:944)
[stacktrace]
#0 C:\\Users\\hp\\Desktop\\laravel-project\\Project-Laravel-React\\backend\\vendor\\laravel\\framework\\src\\Illuminate\\Container\\Container.php(944): ReflectionClass->__construct('files')
#1 C:\\Users\\hp\\Desktop\\laravel-project\\Project-Laravel-React\\backend\\vendor\\laravel\\framework\\src\\Illuminate\\Container\\Container.php(819): Illuminate\\Container\\Container->build('files')
#2 C:\\Users\\hp\\Desktop\\laravel-project\\Project-Laravel-React\\backend\\vendor\\laravel\\framework\\src\\Illuminate\\Foundation\\Application.php(1048): Illuminate\\Container\\Container->resolve('files', Array, true)
#3 C:\\Users\\hp\\Desktop\\laravel-project\\Project-Laravel-React\\backend\\vendor\\laravel\\framework\\src\\Illuminate\\Container\\Container.php(755): Illuminate\\Foundation\\Application->resolve('files', Array)
#4 C:\\Users\\hp\\Desktop\\laravel-project\\Project-Laravel-React\\backend\\vendor\\laravel\\framework\\src\\Illuminate\\Foundation\\Application.php(1030): Illuminate\\Container\\Container->make('files', Array)
#5 C:\\Users\\hp\\Desktop\\laravel-project\\Project-Laravel-React\\backend\\vendor\\laravel\\framework\\src\\Illuminate\\Container\\Container.php(1565): Illuminate\\Foundation\\Application->make('files')
#6 C:\\Users\\hp\\Desktop\\laravel-project\\Project-Laravel-React\\backend\\vendor\\laravel\\framework\\src\\Illuminate\\Foundation\\Application.php(1295): Illuminate\\Container\\Container->offsetGet('files')
#7 C:\\Users\\hp\\Desktop\\laravel-project\\Project-Laravel-React\\backend\\vendor\\laravel\\sanctum\\src\\SanctumServiceProvider.php(68): Illuminate\\Foundation\\Application->routesAreCached()
#8 C:\\Users\\hp\\Desktop\\laravel-project\\Project-Laravel-React\\backend\\vendor\\laravel\\sanctum\\src\\SanctumServiceProvider.php(56): Laravel\\Sanctum\\SanctumServiceProvider->defineRoutes()
#9 C:\\Users\\hp\\Desktop\\laravel-project\\Project-Laravel-React\\backend\\vendor\\laravel\\framework\\src\\Illuminate\\Container\\BoundMethod.php(36): Laravel\\Sanctum\\SanctumServiceProvider->boot()
#10 C:\\Users\\hp\\Desktop\\laravel-project\\Project-Laravel-React\\backend\\vendor\\laravel\\framework\\src\\Illuminate\\Container\\Util.php(43): Illuminate\\Container\\BoundMethod::Illuminate\\Container\\{closure}()
#11 C:\\Users\\hp\\Desktop\\laravel-project\\Project-Laravel-React\\backend\\vendor\\laravel\\framework\\src\\Illuminate\\Container\\BoundMethod.php(95): Illuminate\\Container\\Util::unwrapIfClosure(Object(Closure))
#12 C:\\Users\\hp\\Desktop\\laravel-project\\Project-Laravel-React\\backend\\vendor\\laravel\\framework\\src\\Illuminate\\Container\\BoundMethod.php(35): Illuminate\\Container\\BoundMethod::callBoundMethod(Object(Illuminate\\Foundation\\Application), Array, Object(Closure))
#13 C:\\Users\\hp\\Desktop\\laravel-project\\Project-Laravel-React\\backend\\vendor\\laravel\\framework\\src\\Illuminate\\Container\\Container.php(694): Illuminate\\Container\\BoundMethod::call(Object(Illuminate\\Foundation\\Application), Array, Array, NULL)
#14 C:\\Users\\hp\\Desktop\\laravel-project\\Project-Laravel-React\\backend\\vendor\\laravel\\framework\\src\\Illuminate\\Foundation\\Application.php(1121): Illuminate\\Container\\Container->call(Array)
#15 C:\\Users\\hp\\Desktop\\laravel-project\\Project-Laravel-React\\backend\\vendor\\laravel\\framework\\src\\Illuminate\\Foundation\\Application.php(1102): Illuminate\\Foundation\\Application->bootProvider(Object(Laravel\\Sanctum\\SanctumServiceProvider))
#16 [internal function]: Illuminate\\Foundation\\Application->Illuminate\\Foundation\\{closure}(Object(Laravel\\Sanctum\\SanctumServiceProvider), 'Laravel\\\\Sanctum...')
#17 C:\\Users\\hp\\Desktop\\laravel-project\\Project-Laravel-React\\backend\\vendor\\laravel\\framework\\src\\Illuminate\\Foundation\\Application.php(1101): array_walk(Array, Object(Closure))
#18 C:\\Users\\hp\\Desktop\\laravel-project\\Project-Laravel-React\\backend\\vendor\\laravel\\framework\\src\\Illuminate\\Foundation\\Bootstrap\\BootProviders.php(17): Illuminate\\Foundation\\Application->boot()
#19 C:\\Users\\hp\\Desktop\\laravel-project\\Project-Laravel-React\\backend\\vendor\\laravel\\framework\\src\\Illuminate\\Foundation\\Application.php(316): Illuminate\\Foundation\\Bootstrap\\BootProviders->bootstrap(Object(Illuminate\\Foundation\\Application))
#20 C:\\Users\\hp\\Desktop\\laravel-project\\Project-Laravel-React\\backend\\vendor\\laravel\\framework\\src\\Illuminate\\Foundation\\Console\\Kernel.php(474): Illuminate\\Foundation\\Application->bootstrapWith(Array)
#21 C:\\Users\\hp\\Desktop\\laravel-project\\Project-Laravel-React\\backend\\vendor\\laravel\\framework\\src\\Illuminate\\Foundation\\Console\\Kernel.php(196): Illuminate\\Foundation\\Console\\Kernel->bootstrap()
#22 C:\\Users\\hp\\Desktop\\laravel-project\\Project-Laravel-React\\backend\\vendor\\laravel\\framework\\src\\Illuminate\\Foundation\\Application.php(1205): Illuminate\\Foundation\\Console\\Kernel->handle(Object(Symfony\\Component\\Console\\Input\\ArgvInput), Object(Symfony\\Component\\Console\\Output\\ConsoleOutput))
#23 C:\\Users\\hp\\Desktop\\laravel-project\\Project-Laravel-React\\backend\\artisan(13): Illuminate\\Foundation\\Application->handleCommand(Object(Symfony\\Component\\Console\\Input\\ArgvInput))
#24 {main}
"} 
